Loading opencv/4.5.4-cuda
  Loading requirement: cuda/11.2
/lustre/fsn1/projects/rech/ynx/uxl64xr/conda_envs/silo/lib/python3.11/site-packages/kornia/feature/lightglue.py:44: FutureWarning: `torch.cuda.amp.custom_fwd(args...)` is deprecated. Please use `torch.amp.custom_fwd(args..., device_type='cuda')` instead.
  @torch.cuda.amp.custom_fwd(cast_inputs=torch.float32)
Traceback (most recent call last):
  File "/lustre/fsn1/projects/rech/ynx/uxl64xr/SILO/silo_sample.py", line 634, in <module>
    main()
  File "/lustre/fsn1/projects/rech/ynx/uxl64xr/SILO/silo_sample.py", line 335, in main
    psnr_calc = PeakSignalNoiseRatio(data_range=(-1,1)).to("cuda")
                ^^^^^^^^^^^^^^^^^^^^^^^^^^^^^^^^^^^^^^^^^^^^^^^^^^
  File "/lustre/fsn1/projects/rech/ynx/uxl64xr/conda_envs/silo/lib/python3.11/site-packages/torch/nn/modules/module.py", line 1174, in to
    return self._apply(convert)
           ^^^^^^^^^^^^^^^^^^^^
  File "/lustre/fsn1/projects/rech/ynx/uxl64xr/conda_envs/silo/lib/python3.11/site-packages/torchmetrics/metric.py", line 891, in _apply
    this._defaults[key] = fn(value)
                          ^^^^^^^^^
  File "/lustre/fsn1/projects/rech/ynx/uxl64xr/conda_envs/silo/lib/python3.11/site-packages/torch/nn/modules/module.py", line 1160, in convert
    return t.to(
           ^^^^^
  File "/lustre/fsn1/projects/rech/ynx/uxl64xr/conda_envs/silo/lib/python3.11/site-packages/torch/cuda/__init__.py", line 305, in _lazy_init
    raise AssertionError("Torch not compiled with CUDA enabled")
AssertionError: Torch not compiled with CUDA enabled
