The following modules were not unloaded:
  (Use "module --force purge" to unload all):

  1) CCconfig        6)  ucx/1.14.1         11) flexiblas/3.3.1
  2) gentoo/2023     7)  libfabric/1.18.0   12) aocl-blas/5.1
  3) gcccore/.12.3   8)  pmix/4.2.4         13) aocl-lapack/5.1
  4) gcc/12.3        9)  ucc/1.2.0          14) StdEnv/2023
  5) hwloc/2.9.1     10) openmpi/4.1.5
Traceback (most recent call last):
  File "/lustre10/scratch/sammys15/SILO/silo_env/lib/python3.11/site-packages/diffusers/utils/import_utils.py", line 1010, in _get_module
    return importlib.import_module("." + module_name, self.__name__)
           ^^^^^^^^^^^^^^^^^^^^^^^^^^^^^^^^^^^^^^^^^^^^^^^^^^^^^^^^^
  File "/cvmfs/soft.computecanada.ca/easybuild/software/2023/x86-64-v4/Compiler/gcccore/python/3.11.5/lib/python3.11/importlib/__init__.py", line 126, in import_module
    return _bootstrap._gcd_import(name[level:], package, level)
           ^^^^^^^^^^^^^^^^^^^^^^^^^^^^^^^^^^^^^^^^^^^^^^^^^^^^
  File "<frozen importlib._bootstrap>", line 1204, in _gcd_import
  File "<frozen importlib._bootstrap>", line 1176, in _find_and_load
  File "<frozen importlib._bootstrap>", line 1126, in _find_and_load_unlocked
  File "<frozen importlib._bootstrap>", line 241, in _call_with_frames_removed
  File "<frozen importlib._bootstrap>", line 1204, in _gcd_import
  File "<frozen importlib._bootstrap>", line 1176, in _find_and_load
  File "<frozen importlib._bootstrap>", line 1147, in _find_and_load_unlocked
  File "<frozen importlib._bootstrap>", line 690, in _load_unlocked
  File "<frozen importlib._bootstrap_external>", line 940, in exec_module
  File "<frozen importlib._bootstrap>", line 241, in _call_with_frames_removed
  File "/lustre10/scratch/sammys15/SILO/silo_env/lib/python3.11/site-packages/diffusers/models/autoencoders/__init__.py", line 1, in <module>
    from .autoencoder_asym_kl import AsymmetricAutoencoderKL
  File "/lustre10/scratch/sammys15/SILO/silo_env/lib/python3.11/site-packages/diffusers/models/autoencoders/autoencoder_asym_kl.py", line 21, in <module>
    from .vae import AutoencoderMixin, DecoderOutput, DiagonalGaussianDistribution, Encoder, MaskConditionDecoder
  File "/lustre10/scratch/sammys15/SILO/silo_env/lib/python3.11/site-packages/diffusers/models/autoencoders/vae.py", line 24, in <module>
    from ..unets.unet_2d_blocks import (
  File "/lustre10/scratch/sammys15/SILO/silo_env/lib/python3.11/site-packages/diffusers/models/unets/__init__.py", line 6, in <module>
    from .unet_2d import UNet2DModel
  File "/lustre10/scratch/sammys15/SILO/silo_env/lib/python3.11/site-packages/diffusers/models/unets/unet_2d.py", line 23, in <module>
    from .unet_2d_blocks import UNetMidBlock2D, get_down_block, get_up_block
  File "/lustre10/scratch/sammys15/SILO/silo_env/lib/python3.11/site-packages/diffusers/models/unets/unet_2d_blocks.py", line 36, in <module>
    from ..transformers.dual_transformer_2d import DualTransformer2DModel
  File "/lustre10/scratch/sammys15/SILO/silo_env/lib/python3.11/site-packages/diffusers/models/transformers/__init__.py", line 20, in <module>
    from .transformer_bria import BriaTransformer2DModel
  File "/lustre10/scratch/sammys15/SILO/silo_env/lib/python3.11/site-packages/diffusers/models/transformers/transformer_bria.py", line 14, in <module>
    from ..attention_dispatch import dispatch_attention_fn
  File "/lustre10/scratch/sammys15/SILO/silo_env/lib/python3.11/site-packages/diffusers/models/attention_dispatch.py", line 725, in <module>
    @_custom_op("_diffusers_flash_attn_3::_flash_attn_forward", mutates_args=(), device_types="cuda")
     ^^^^^^^^^^^^^^^^^^^^^^^^^^^^^^^^^^^^^^^^^^^^^^^^^^^^^^^^^^^^^^^^^^^^^^^^^^^^^^^^^^^^^^^^^^^^^^^^
  File "/lustre10/scratch/sammys15/SILO/silo_env/lib/python3.11/site-packages/torch/_library/custom_ops.py", line 119, in inner
    schema_str = torch._custom_op.impl.infer_schema(fn, mutates_args)
                 ^^^^^^^^^^^^^^^^^^^^^^^^^^^^^^^^^^^^^^^^^^^^^^^^^^^^
  File "/lustre10/scratch/sammys15/SILO/silo_env/lib/python3.11/site-packages/torch/_library/infer_schema.py", line 42, in infer_schema
    error_fn(
  File "/lustre10/scratch/sammys15/SILO/silo_env/lib/python3.11/site-packages/torch/_library/infer_schema.py", line 21, in error_fn
    raise ValueError(
ValueError: infer_schema(func): Parameter q has unsupported type torch.Tensor. The valid types are: dict_keys([<class 'torch.Tensor'>, typing.Optional[torch.Tensor], typing.Sequence[torch.Tensor], typing.List[torch.Tensor], typing.Sequence[typing.Optional[torch.Tensor]], typing.List[typing.Optional[torch.Tensor]], <class 'int'>, typing.Optional[int], typing.Sequence[int], typing.List[int], typing.Optional[typing.Sequence[int]], typing.Optional[typing.List[int]], <class 'float'>, typing.Optional[float], typing.Sequence[float], typing.List[float], typing.Optional[typing.Sequence[float]], typing.Optional[typing.List[float]], <class 'bool'>, typing.Optional[bool], typing.Sequence[bool], typing.List[bool], typing.Optional[typing.Sequence[bool]], typing.Optional[typing.List[bool]], <class 'str'>, typing.Optional[str], typing.Union[int, float, bool], typing.Union[int, float, bool, NoneType], typing.Sequence[typing.Union[int, float, bool]], typing.List[typing.Union[int, float, bool]], <class 'torch.dtype'>, typing.Optional[torch.dtype], <class 'torch.device'>, typing.Optional[torch.device]]). Got func with signature (q: 'torch.Tensor', k: 'torch.Tensor', v: 'torch.Tensor', softmax_scale: 'float | None' = None, causal: 'bool' = False, qv: 'torch.Tensor | None' = None, q_descale: 'torch.Tensor | None' = None, k_descale: 'torch.Tensor | None' = None, v_descale: 'torch.Tensor | None' = None, attention_chunk: 'int' = 0, softcap: 'float' = 0.0, num_splits: 'int' = 1, pack_gqa: 'bool | None' = None, deterministic: 'bool' = False, sm_margin: 'int' = 0) -> 'tuple[torch.Tensor, torch.Tensor]')

The above exception was the direct cause of the following exception:

Traceback (most recent call last):
  File "/lustre10/scratch/sammys15/SILO/silo_sample.py", line 29, in <module>
    from silo_utils import DegradationModel, make_grid, set_seeds, load_yaml , StableDiffusionPipeline , PosteriorSampling, add_text_to_grid_sep, ensure_directory_structure, parse_list_from_string, is_debugging, VaeWrapper, get_command_line
  File "/lustre10/scratch/sammys15/SILO/silo_utils.py", line 15, in <module>
    from diffusers import (AutoencoderKL)
  File "<frozen importlib._bootstrap>", line 1229, in _handle_fromlist
  File "/lustre10/scratch/sammys15/SILO/silo_env/lib/python3.11/site-packages/diffusers/utils/import_utils.py", line 1001, in __getattr__
    value = getattr(module, name)
            ^^^^^^^^^^^^^^^^^^^^^
  File "/lustre10/scratch/sammys15/SILO/silo_env/lib/python3.11/site-packages/diffusers/utils/import_utils.py", line 1000, in __getattr__
    module = self._get_module(self._class_to_module[name])
             ^^^^^^^^^^^^^^^^^^^^^^^^^^^^^^^^^^^^^^^^^^^^^
  File "/lustre10/scratch/sammys15/SILO/silo_env/lib/python3.11/site-packages/diffusers/utils/import_utils.py", line 1012, in _get_module
    raise RuntimeError(
RuntimeError: Failed to import diffusers.models.autoencoders.autoencoder_kl because of the following error (look up to see its traceback):
infer_schema(func): Parameter q has unsupported type torch.Tensor. The valid types are: dict_keys([<class 'torch.Tensor'>, typing.Optional[torch.Tensor], typing.Sequence[torch.Tensor], typing.List[torch.Tensor], typing.Sequence[typing.Optional[torch.Tensor]], typing.List[typing.Optional[torch.Tensor]], <class 'int'>, typing.Optional[int], typing.Sequence[int], typing.List[int], typing.Optional[typing.Sequence[int]], typing.Optional[typing.List[int]], <class 'float'>, typing.Optional[float], typing.Sequence[float], typing.List[float], typing.Optional[typing.Sequence[float]], typing.Optional[typing.List[float]], <class 'bool'>, typing.Optional[bool], typing.Sequence[bool], typing.List[bool], typing.Optional[typing.Sequence[bool]], typing.Optional[typing.List[bool]], <class 'str'>, typing.Optional[str], typing.Union[int, float, bool], typing.Union[int, float, bool, NoneType], typing.Sequence[typing.Union[int, float, bool]], typing.List[typing.Union[int, float, bool]], <class 'torch.dtype'>, typing.Optional[torch.dtype], <class 'torch.device'>, typing.Optional[torch.device]]). Got func with signature (q: 'torch.Tensor', k: 'torch.Tensor', v: 'torch.Tensor', softmax_scale: 'float | None' = None, causal: 'bool' = False, qv: 'torch.Tensor | None' = None, q_descale: 'torch.Tensor | None' = None, k_descale: 'torch.Tensor | None' = None, v_descale: 'torch.Tensor | None' = None, attention_chunk: 'int' = 0, softcap: 'float' = 0.0, num_splits: 'int' = 1, pack_gqa: 'bool | None' = None, deterministic: 'bool' = False, sm_margin: 'int' = 0) -> 'tuple[torch.Tensor, torch.Tensor]')
